2025-06-05T17:20:47.372+06:00  INFO 18836 --- [Math Bilim] [main] kg.edu.mathbilim.MathbilimApplication    : Starting MathbilimApplication v1.0.2 using Java 23.0.1 with PID 18836 (/Users/mvoin21/IdeaProjects/mathbilim/target/classes started by mvoin21 in /Users/mvoin21/IdeaProjects/mathbilim)
2025-06-05T17:20:47.373+06:00  INFO 18836 --- [Math Bilim] [main] kg.edu.mathbilim.MathbilimApplication    : No active profile set, falling back to 1 default profile: "default"
2025-06-05T17:20:47.656+06:00  INFO 18836 --- [Math Bilim] [main] .s.d.r.c.RepositoryConfigurationDelegate : Bootstrapping Spring Data JPA repositories in DEFAULT mode.
2025-06-05T17:20:47.662+06:00  INFO 18836 --- [Math Bilim] [main] .s.d.r.c.RepositoryConfigurationDelegate : Finished Spring Data repository scanning in 2 ms. Found 0 JPA repository interfaces.
2025-06-05T17:20:47.815+06:00  INFO 18836 --- [Math Bilim] [main] o.s.b.w.embedded.tomcat.TomcatWebServer  : Tomcat initialized with port 9999 (http)
2025-06-05T17:20:47.821+06:00  INFO 18836 --- [Math Bilim] [main] o.apache.catalina.core.StandardService   : Starting service [Tomcat]
2025-06-05T17:20:47.821+06:00  INFO 18836 --- [Math Bilim] [main] o.apache.catalina.core.StandardEngine    : Starting Servlet engine: [Apache Tomcat/10.1.41]
2025-06-05T17:20:47.837+06:00  INFO 18836 --- [Math Bilim] [main] o.a.c.c.C.[Tomcat].[localhost].[/]       : Initializing Spring embedded WebApplicationContext
2025-06-05T17:20:47.837+06:00  INFO 18836 --- [Math Bilim] [main] w.s.c.ServletWebServerApplicationContext : Root WebApplicationContext: initialization completed in 448 ms
2025-06-05T17:20:47.900+06:00  INFO 18836 --- [Math Bilim] [main] com.zaxxer.hikari.HikariDataSource       : HikariPool-1 - Starting...
2025-06-05T17:20:48.967+06:00  WARN 18836 --- [Math Bilim] [main] ConfigServletWebServerApplicationContext : Exception encountered during context initialization - cancelling refresh attempt: org.springframework.beans.factory.BeanCreationException: Error creating bean with name 'entityManagerFactory' defined in class path resource [org/springframework/boot/autoconfigure/orm/jpa/HibernateJpaConfiguration.class]: Failed to initialize dependency 'liquibase' of LoadTimeWeaverAware bean 'entityManagerFactory': Error creating bean with name 'liquibase' defined in class path resource [org/springframework/boot/autoconfigure/liquibase/LiquibaseAutoConfiguration$LiquibaseConfiguration.class]: liquibase.exception.DatabaseException: org.postgresql.util.PSQLException: FATAL: role "root" does not exist
2025-06-05T17:20:48.971+06:00  INFO 18836 --- [Math Bilim] [main] o.apache.catalina.core.StandardService   : Stopping service [Tomcat]
2025-06-05T17:20:48.987+06:00  INFO 18836 --- [Math Bilim] [main] .s.b.a.l.ConditionEvaluationReportLogger : 

Error starting ApplicationContext. To display the condition evaluation report re-run your application with 'debug' enabled.
2025-06-05T17:20:48.998+06:00 ERROR 18836 --- [Math Bilim] [main] o.s.boot.SpringApplication               : Application run failed

org.springframework.beans.factory.BeanCreationException: Error creating bean with name 'entityManagerFactory' defined in class path resource [org/springframework/boot/autoconfigure/orm/jpa/HibernateJpaConfiguration.class]: Failed to initialize dependency 'liquibase' of LoadTimeWeaverAware bean 'entityManagerFactory': Error creating bean with name 'liquibase' defined in class path resource [org/springframework/boot/autoconfigure/liquibase/LiquibaseAutoConfiguration$LiquibaseConfiguration.class]: liquibase.exception.DatabaseException: org.postgresql.util.PSQLException: FATAL: role "root" does not exist
	at org.springframework.beans.factory.support.AbstractBeanFactory.doGetBean(AbstractBeanFactory.java:328) ~[spring-beans-6.2.7.jar:6.2.7]
	at org.springframework.beans.factory.support.AbstractBeanFactory.getBean(AbstractBeanFactory.java:207) ~[spring-beans-6.2.7.jar:6.2.7]
	at org.springframework.context.support.AbstractApplicationContext.finishBeanFactoryInitialization(AbstractApplicationContext.java:970) ~[spring-context-6.2.7.jar:6.2.7]
	at org.springframework.context.support.AbstractApplicationContext.refresh(AbstractApplicationContext.java:627) ~[spring-context-6.2.7.jar:6.2.7]
	at org.springframework.boot.web.servlet.context.ServletWebServerApplicationContext.refresh(ServletWebServerApplicationContext.java:146) ~[spring-boot-3.5.0.jar:3.5.0]
	at org.springframework.boot.SpringApplication.refresh(SpringApplication.java:753) ~[spring-boot-3.5.0.jar:3.5.0]
	at org.springframework.boot.SpringApplication.refreshContext(SpringApplication.java:439) ~[spring-boot-3.5.0.jar:3.5.0]
	at org.springframework.boot.SpringApplication.run(SpringApplication.java:318) ~[spring-boot-3.5.0.jar:3.5.0]
	at org.springframework.boot.SpringApplication.run(SpringApplication.java:1362) ~[spring-boot-3.5.0.jar:3.5.0]
	at org.springframework.boot.SpringApplication.run(SpringApplication.java:1351) ~[spring-boot-3.5.0.jar:3.5.0]
	at kg.edu.mathbilim.MathbilimApplication.main(MathbilimApplication.java:10) ~[classes/:na]
Caused by: org.springframework.beans.factory.BeanCreationException: Error creating bean with name 'liquibase' defined in class path resource [org/springframework/boot/autoconfigure/liquibase/LiquibaseAutoConfiguration$LiquibaseConfiguration.class]: liquibase.exception.DatabaseException: org.postgresql.util.PSQLException: FATAL: role "root" does not exist
	at org.springframework.beans.factory.support.AbstractAutowireCapableBeanFactory.initializeBean(AbstractAutowireCapableBeanFactory.java:1826) ~[spring-beans-6.2.7.jar:6.2.7]
	at org.springframework.beans.factory.support.AbstractAutowireCapableBeanFactory.doCreateBean(AbstractAutowireCapableBeanFactory.java:607) ~[spring-beans-6.2.7.jar:6.2.7]
	at org.springframework.beans.factory.support.AbstractAutowireCapableBeanFactory.createBean(AbstractAutowireCapableBeanFactory.java:529) ~[spring-beans-6.2.7.jar:6.2.7]
	at org.springframework.beans.factory.support.AbstractBeanFactory.lambda$doGetBean$0(AbstractBeanFactory.java:339) ~[spring-beans-6.2.7.jar:6.2.7]
	at org.springframework.beans.factory.support.DefaultSingletonBeanRegistry.getSingleton(DefaultSingletonBeanRegistry.java:373) ~[spring-beans-6.2.7.jar:6.2.7]
	at org.springframework.beans.factory.support.AbstractBeanFactory.doGetBean(AbstractBeanFactory.java:337) ~[spring-beans-6.2.7.jar:6.2.7]
	at org.springframework.beans.factory.support.AbstractBeanFactory.getBean(AbstractBeanFactory.java:202) ~[spring-beans-6.2.7.jar:6.2.7]
	at org.springframework.beans.factory.support.AbstractBeanFactory.doGetBean(AbstractBeanFactory.java:315) ~[spring-beans-6.2.7.jar:6.2.7]
	... 10 common frames omitted
Caused by: liquibase.exception.LiquibaseException: liquibase.exception.DatabaseException: org.postgresql.util.PSQLException: FATAL: role "root" does not exist
	at liquibase.integration.spring.SpringLiquibase.afterPropertiesSet(SpringLiquibase.java:288) ~[liquibase-core-4.31.1.jar:na]
	at org.springframework.beans.factory.support.AbstractAutowireCapableBeanFactory.invokeInitMethods(AbstractAutowireCapableBeanFactory.java:1873) ~[spring-beans-6.2.7.jar:6.2.7]
	at org.springframework.beans.factory.support.AbstractAutowireCapableBeanFactory.initializeBean(AbstractAutowireCapableBeanFactory.java:1822) ~[spring-beans-6.2.7.jar:6.2.7]
	... 17 common frames omitted
Caused by: liquibase.exception.DatabaseException: org.postgresql.util.PSQLException: FATAL: role "root" does not exist
	at liquibase.integration.spring.SpringLiquibase.lambda$afterPropertiesSet$0(SpringLiquibase.java:280) ~[liquibase-core-4.31.1.jar:na]
	at liquibase.Scope.lambda$child$0(Scope.java:201) ~[liquibase-core-4.31.1.jar:na]
	at liquibase.Scope.child(Scope.java:210) ~[liquibase-core-4.31.1.jar:na]
	at liquibase.Scope.child(Scope.java:200) ~[liquibase-core-4.31.1.jar:na]
	at liquibase.Scope.child(Scope.java:179) ~[liquibase-core-4.31.1.jar:na]
	at liquibase.integration.spring.SpringLiquibase.afterPropertiesSet(SpringLiquibase.java:271) ~[liquibase-core-4.31.1.jar:na]
	... 19 common frames omitted
Caused by: org.postgresql.util.PSQLException: FATAL: role "root" does not exist
	at org.postgresql.core.v3.QueryExecutorImpl.receiveErrorResponse(QueryExecutorImpl.java:2736) ~[postgresql-42.7.6.jar:42.7.6]
	at org.postgresql.core.v3.QueryExecutorImpl.readStartupMessages(QueryExecutorImpl.java:2861) ~[postgresql-42.7.6.jar:42.7.6]
	at org.postgresql.core.v3.QueryExecutorImpl.<init>(QueryExecutorImpl.java:178) ~[postgresql-42.7.6.jar:42.7.6]
	at org.postgresql.core.v3.ConnectionFactoryImpl.openConnectionImpl(ConnectionFactoryImpl.java:344) ~[postgresql-42.7.6.jar:42.7.6]
	at org.postgresql.core.ConnectionFactory.openConnection(ConnectionFactory.java:57) ~[postgresql-42.7.6.jar:42.7.6]
	at org.postgresql.jdbc.PgConnection.<init>(PgConnection.java:277) ~[postgresql-42.7.6.jar:42.7.6]
	at org.postgresql.Driver.makeConnection(Driver.java:448) ~[postgresql-42.7.6.jar:42.7.6]
	at org.postgresql.Driver.connect(Driver.java:298) ~[postgresql-42.7.6.jar:42.7.6]
	at com.zaxxer.hikari.util.DriverDataSource.getConnection(DriverDataSource.java:139) ~[HikariCP-6.3.0.jar:na]
	at com.zaxxer.hikari.pool.PoolBase.newConnection(PoolBase.java:368) ~[HikariCP-6.3.0.jar:na]
	at com.zaxxer.hikari.pool.PoolBase.newPoolEntry(PoolBase.java:205) ~[HikariCP-6.3.0.jar:na]
	at com.zaxxer.hikari.pool.HikariPool.createPoolEntry(HikariPool.java:483) ~[HikariCP-6.3.0.jar:na]
	at com.zaxxer.hikari.pool.HikariPool.checkFailFast(HikariPool.java:571) ~[HikariCP-6.3.0.jar:na]
	at com.zaxxer.hikari.pool.HikariPool.<init>(HikariPool.java:101) ~[HikariCP-6.3.0.jar:na]
	at com.zaxxer.hikari.HikariDataSource.getConnection(HikariDataSource.java:111) ~[HikariCP-6.3.0.jar:na]
	at liquibase.integration.spring.SpringLiquibase.lambda$afterPropertiesSet$0(SpringLiquibase.java:275) ~[liquibase-core-4.31.1.jar:na]
	... 24 common frames omitted

2025-06-05T17:44:17.621+06:00  INFO 19491 --- [Math Bilim] [main] kg.edu.mathbilim.MathbilimApplication    : Starting MathbilimApplication v1.0.2 using Java 23.0.1 with PID 19491 (/Users/mvoin21/IdeaProjects/mathbilim/target/classes started by mvoin21 in /Users/mvoin21/IdeaProjects/mathbilim)
2025-06-05T17:44:17.622+06:00  INFO 19491 --- [Math Bilim] [main] kg.edu.mathbilim.MathbilimApplication    : No active profile set, falling back to 1 default profile: "default"
2025-06-05T17:44:18.036+06:00  INFO 19491 --- [Math Bilim] [main] .s.d.r.c.RepositoryConfigurationDelegate : Bootstrapping Spring Data JPA repositories in DEFAULT mode.
2025-06-05T17:44:18.054+06:00  INFO 19491 --- [Math Bilim] [main] .s.d.r.c.RepositoryConfigurationDelegate : Finished Spring Data repository scanning in 12 ms. Found 0 JPA repository interfaces.
2025-06-05T17:44:18.258+06:00  INFO 19491 --- [Math Bilim] [main] o.s.b.w.embedded.tomcat.TomcatWebServer  : Tomcat initialized with port 9999 (http)
2025-06-05T17:44:18.265+06:00  INFO 19491 --- [Math Bilim] [main] o.apache.catalina.core.StandardService   : Starting service [Tomcat]
2025-06-05T17:44:18.266+06:00  INFO 19491 --- [Math Bilim] [main] o.apache.catalina.core.StandardEngine    : Starting Servlet engine: [Apache Tomcat/10.1.41]
2025-06-05T17:44:18.313+06:00  INFO 19491 --- [Math Bilim] [main] o.a.c.c.C.[Tomcat].[localhost].[/]       : Initializing Spring embedded WebApplicationContext
2025-06-05T17:44:18.313+06:00  INFO 19491 --- [Math Bilim] [main] w.s.c.ServletWebServerApplicationContext : Root WebApplicationContext: initialization completed in 676 ms
2025-06-05T17:44:18.394+06:00  INFO 19491 --- [Math Bilim] [main] com.zaxxer.hikari.HikariDataSource       : HikariPool-1 - Starting...
2025-06-05T17:44:19.450+06:00  WARN 19491 --- [Math Bilim] [main] ConfigServletWebServerApplicationContext : Exception encountered during context initialization - cancelling refresh attempt: org.springframework.beans.factory.BeanCreationException: Error creating bean with name 'entityManagerFactory' defined in class path resource [org/springframework/boot/autoconfigure/orm/jpa/HibernateJpaConfiguration.class]: Failed to initialize dependency 'liquibase' of LoadTimeWeaverAware bean 'entityManagerFactory': Error creating bean with name 'liquibase' defined in class path resource [org/springframework/boot/autoconfigure/liquibase/LiquibaseAutoConfiguration$LiquibaseConfiguration.class]: liquibase.exception.DatabaseException: org.postgresql.util.PSQLException: FATAL: role "root" does not exist
2025-06-05T17:44:19.454+06:00  INFO 19491 --- [Math Bilim] [main] o.apache.catalina.core.StandardService   : Stopping service [Tomcat]
2025-06-05T17:44:19.469+06:00  INFO 19491 --- [Math Bilim] [main] .s.b.a.l.ConditionEvaluationReportLogger : 

Error starting ApplicationContext. To display the condition evaluation report re-run your application with 'debug' enabled.
2025-06-05T17:44:19.479+06:00 ERROR 19491 --- [Math Bilim] [main] o.s.boot.SpringApplication               : Application run failed

org.springframework.beans.factory.BeanCreationException: Error creating bean with name 'entityManagerFactory' defined in class path resource [org/springframework/boot/autoconfigure/orm/jpa/HibernateJpaConfiguration.class]: Failed to initialize dependency 'liquibase' of LoadTimeWeaverAware bean 'entityManagerFactory': Error creating bean with name 'liquibase' defined in class path resource [org/springframework/boot/autoconfigure/liquibase/LiquibaseAutoConfiguration$LiquibaseConfiguration.class]: liquibase.exception.DatabaseException: org.postgresql.util.PSQLException: FATAL: role "root" does not exist
	at org.springframework.beans.factory.support.AbstractBeanFactory.doGetBean(AbstractBeanFactory.java:328) ~[spring-beans-6.2.7.jar:6.2.7]
	at org.springframework.beans.factory.support.AbstractBeanFactory.getBean(AbstractBeanFactory.java:207) ~[spring-beans-6.2.7.jar:6.2.7]
	at org.springframework.context.support.AbstractApplicationContext.finishBeanFactoryInitialization(AbstractApplicationContext.java:970) ~[spring-context-6.2.7.jar:6.2.7]
	at org.springframework.context.support.AbstractApplicationContext.refresh(AbstractApplicationContext.java:627) ~[spring-context-6.2.7.jar:6.2.7]
	at org.springframework.boot.web.servlet.context.ServletWebServerApplicationContext.refresh(ServletWebServerApplicationContext.java:146) ~[spring-boot-3.5.0.jar:3.5.0]
	at org.springframework.boot.SpringApplication.refresh(SpringApplication.java:753) ~[spring-boot-3.5.0.jar:3.5.0]
	at org.springframework.boot.SpringApplication.refreshContext(SpringApplication.java:439) ~[spring-boot-3.5.0.jar:3.5.0]
	at org.springframework.boot.SpringApplication.run(SpringApplication.java:318) ~[spring-boot-3.5.0.jar:3.5.0]
	at org.springframework.boot.SpringApplication.run(SpringApplication.java:1362) ~[spring-boot-3.5.0.jar:3.5.0]
	at org.springframework.boot.SpringApplication.run(SpringApplication.java:1351) ~[spring-boot-3.5.0.jar:3.5.0]
	at kg.edu.mathbilim.MathbilimApplication.main(MathbilimApplication.java:10) ~[classes/:na]
Caused by: org.springframework.beans.factory.BeanCreationException: Error creating bean with name 'liquibase' defined in class path resource [org/springframework/boot/autoconfigure/liquibase/LiquibaseAutoConfiguration$LiquibaseConfiguration.class]: liquibase.exception.DatabaseException: org.postgresql.util.PSQLException: FATAL: role "root" does not exist
	at org.springframework.beans.factory.support.AbstractAutowireCapableBeanFactory.initializeBean(AbstractAutowireCapableBeanFactory.java:1826) ~[spring-beans-6.2.7.jar:6.2.7]
	at org.springframework.beans.factory.support.AbstractAutowireCapableBeanFactory.doCreateBean(AbstractAutowireCapableBeanFactory.java:607) ~[spring-beans-6.2.7.jar:6.2.7]
	at org.springframework.beans.factory.support.AbstractAutowireCapableBeanFactory.createBean(AbstractAutowireCapableBeanFactory.java:529) ~[spring-beans-6.2.7.jar:6.2.7]
	at org.springframework.beans.factory.support.AbstractBeanFactory.lambda$doGetBean$0(AbstractBeanFactory.java:339) ~[spring-beans-6.2.7.jar:6.2.7]
	at org.springframework.beans.factory.support.DefaultSingletonBeanRegistry.getSingleton(DefaultSingletonBeanRegistry.java:373) ~[spring-beans-6.2.7.jar:6.2.7]
	at org.springframework.beans.factory.support.AbstractBeanFactory.doGetBean(AbstractBeanFactory.java:337) ~[spring-beans-6.2.7.jar:6.2.7]
	at org.springframework.beans.factory.support.AbstractBeanFactory.getBean(AbstractBeanFactory.java:202) ~[spring-beans-6.2.7.jar:6.2.7]
	at org.springframework.beans.factory.support.AbstractBeanFactory.doGetBean(AbstractBeanFactory.java:315) ~[spring-beans-6.2.7.jar:6.2.7]
	... 10 common frames omitted
Caused by: liquibase.exception.LiquibaseException: liquibase.exception.DatabaseException: org.postgresql.util.PSQLException: FATAL: role "root" does not exist
	at liquibase.integration.spring.SpringLiquibase.afterPropertiesSet(SpringLiquibase.java:288) ~[liquibase-core-4.31.1.jar:na]
	at org.springframework.beans.factory.support.AbstractAutowireCapableBeanFactory.invokeInitMethods(AbstractAutowireCapableBeanFactory.java:1873) ~[spring-beans-6.2.7.jar:6.2.7]
	at org.springframework.beans.factory.support.AbstractAutowireCapableBeanFactory.initializeBean(AbstractAutowireCapableBeanFactory.java:1822) ~[spring-beans-6.2.7.jar:6.2.7]
	... 17 common frames omitted
Caused by: liquibase.exception.DatabaseException: org.postgresql.util.PSQLException: FATAL: role "root" does not exist
	at liquibase.integration.spring.SpringLiquibase.lambda$afterPropertiesSet$0(SpringLiquibase.java:280) ~[liquibase-core-4.31.1.jar:na]
	at liquibase.Scope.lambda$child$0(Scope.java:201) ~[liquibase-core-4.31.1.jar:na]
	at liquibase.Scope.child(Scope.java:210) ~[liquibase-core-4.31.1.jar:na]
	at liquibase.Scope.child(Scope.java:200) ~[liquibase-core-4.31.1.jar:na]
	at liquibase.Scope.child(Scope.java:179) ~[liquibase-core-4.31.1.jar:na]
	at liquibase.integration.spring.SpringLiquibase.afterPropertiesSet(SpringLiquibase.java:271) ~[liquibase-core-4.31.1.jar:na]
	... 19 common frames omitted
Caused by: org.postgresql.util.PSQLException: FATAL: role "root" does not exist
	at org.postgresql.core.v3.QueryExecutorImpl.receiveErrorResponse(QueryExecutorImpl.java:2736) ~[postgresql-42.7.6.jar:42.7.6]
	at org.postgresql.core.v3.QueryExecutorImpl.readStartupMessages(QueryExecutorImpl.java:2861) ~[postgresql-42.7.6.jar:42.7.6]
	at org.postgresql.core.v3.QueryExecutorImpl.<init>(QueryExecutorImpl.java:178) ~[postgresql-42.7.6.jar:42.7.6]
	at org.postgresql.core.v3.ConnectionFactoryImpl.openConnectionImpl(ConnectionFactoryImpl.java:344) ~[postgresql-42.7.6.jar:42.7.6]
	at org.postgresql.core.ConnectionFactory.openConnection(ConnectionFactory.java:57) ~[postgresql-42.7.6.jar:42.7.6]
	at org.postgresql.jdbc.PgConnection.<init>(PgConnection.java:277) ~[postgresql-42.7.6.jar:42.7.6]
	at org.postgresql.Driver.makeConnection(Driver.java:448) ~[postgresql-42.7.6.jar:42.7.6]
	at org.postgresql.Driver.connect(Driver.java:298) ~[postgresql-42.7.6.jar:42.7.6]
	at com.zaxxer.hikari.util.DriverDataSource.getConnection(DriverDataSource.java:139) ~[HikariCP-6.3.0.jar:na]
	at com.zaxxer.hikari.pool.PoolBase.newConnection(PoolBase.java:368) ~[HikariCP-6.3.0.jar:na]
	at com.zaxxer.hikari.pool.PoolBase.newPoolEntry(PoolBase.java:205) ~[HikariCP-6.3.0.jar:na]
	at com.zaxxer.hikari.pool.HikariPool.createPoolEntry(HikariPool.java:483) ~[HikariCP-6.3.0.jar:na]
	at com.zaxxer.hikari.pool.HikariPool.checkFailFast(HikariPool.java:571) ~[HikariCP-6.3.0.jar:na]
	at com.zaxxer.hikari.pool.HikariPool.<init>(HikariPool.java:101) ~[HikariCP-6.3.0.jar:na]
	at com.zaxxer.hikari.HikariDataSource.getConnection(HikariDataSource.java:111) ~[HikariCP-6.3.0.jar:na]
	at liquibase.integration.spring.SpringLiquibase.lambda$afterPropertiesSet$0(SpringLiquibase.java:275) ~[liquibase-core-4.31.1.jar:na]
	... 24 common frames omitted

2025-06-05T17:45:15.932+06:00  INFO 19509 --- [Math Bilim] [main] kg.edu.mathbilim.MathbilimApplication    : Starting MathbilimApplication v1.0.2 using Java 23.0.1 with PID 19509 (/Users/mvoin21/IdeaProjects/mathbilim/target/classes started by mvoin21 in /Users/mvoin21/IdeaProjects/mathbilim)
2025-06-05T17:45:15.932+06:00  INFO 19509 --- [Math Bilim] [main] kg.edu.mathbilim.MathbilimApplication    : No active profile set, falling back to 1 default profile: "default"
2025-06-05T17:45:16.204+06:00  INFO 19509 --- [Math Bilim] [main] .s.d.r.c.RepositoryConfigurationDelegate : Bootstrapping Spring Data JPA repositories in DEFAULT mode.
2025-06-05T17:45:16.213+06:00  INFO 19509 --- [Math Bilim] [main] .s.d.r.c.RepositoryConfigurationDelegate : Finished Spring Data repository scanning in 5 ms. Found 0 JPA repository interfaces.
2025-06-05T17:45:16.362+06:00  INFO 19509 --- [Math Bilim] [main] o.s.b.w.embedded.tomcat.TomcatWebServer  : Tomcat initialized with port 9999 (http)
2025-06-05T17:45:16.367+06:00  INFO 19509 --- [Math Bilim] [main] o.apache.catalina.core.StandardService   : Starting service [Tomcat]
2025-06-05T17:45:16.368+06:00  INFO 19509 --- [Math Bilim] [main] o.apache.catalina.core.StandardEngine    : Starting Servlet engine: [Apache Tomcat/10.1.41]
2025-06-05T17:45:16.382+06:00  INFO 19509 --- [Math Bilim] [main] o.a.c.c.C.[Tomcat].[localhost].[/]       : Initializing Spring embedded WebApplicationContext
2025-06-05T17:45:16.382+06:00  INFO 19509 --- [Math Bilim] [main] w.s.c.ServletWebServerApplicationContext : Root WebApplicationContext: initialization completed in 435 ms
2025-06-05T17:45:16.440+06:00  INFO 19509 --- [Math Bilim] [main] com.zaxxer.hikari.HikariDataSource       : HikariPool-1 - Starting...
2025-06-05T17:45:16.480+06:00  INFO 19509 --- [Math Bilim] [main] com.zaxxer.hikari.pool.HikariPool        : HikariPool-1 - Added connection org.postgresql.jdbc.PgConnection@3bbf1c0d
2025-06-05T17:45:16.480+06:00  INFO 19509 --- [Math Bilim] [main] com.zaxxer.hikari.HikariDataSource       : HikariPool-1 - Start completed.
2025-06-05T17:45:16.542+06:00  INFO 19509 --- [Math Bilim] [main] liquibase.database                       : Set default schema name to public
2025-06-05T17:45:16.597+06:00  INFO 19509 --- [Math Bilim] [main] liquibase.changelog                      : Reading resource: db/changelog/initial/001_create_authorities.sql
2025-06-05T17:45:16.628+06:00  INFO 19509 --- [Math Bilim] [main] liquibase.snapshot                       : Creating snapshot
2025-06-05T17:45:16.636+06:00  INFO 19509 --- [Math Bilim] [main] liquibase.changelog                      : Creating database history table with name: public.databasechangelog
2025-06-05T17:45:16.660+06:00  INFO 19509 --- [Math Bilim] [main] liquibase.changelog                      : Reading resource: db/changelog/initial/002_create_roles.sql
2025-06-05T17:45:16.671+06:00  INFO 19509 --- [Math Bilim] [main] liquibase.changelog                      : Reading resource: db/changelog/initial/003_create_role_authorities.sql
2025-06-05T17:45:16.676+06:00  INFO 19509 --- [Math Bilim] [main] liquibase.changelog                      : Reading resource: db/changelog/initial/004_create_user_types.sql
2025-06-05T17:45:16.681+06:00  INFO 19509 --- [Math Bilim] [main] liquibase.changelog                      : Reading resource: db/changelog/initial/005_create_users.sql
2025-06-05T17:45:16.686+06:00  INFO 19509 --- [Math Bilim] [main] liquibase.changelog                      : Reading resource: db/changelog/initial/006_create_сategories.sql
2025-06-05T17:45:16.692+06:00  INFO 19509 --- [Math Bilim] [main] liquibase.changelog                      : Reading resource: db/changelog/initial/007_create_content_types.sql
2025-06-05T17:45:16.697+06:00  INFO 19509 --- [Math Bilim] [main] liquibase.changelog                      : Reading resource: db/changelog/initial/008_create_statuses.sql
2025-06-05T17:45:16.710+06:00  INFO 19509 --- [Math Bilim] [main] liquibase.changelog                      : Reading resource: db/changelog/initial/009_create_contents.sql
2025-06-05T17:45:16.714+06:00  INFO 19509 --- [Math Bilim] [main] liquibase.changelog                      : Reading resource: db/changelog/initial/010_create_media_types.sql
2025-06-05T17:45:16.719+06:00  INFO 19509 --- [Math Bilim] [main] liquibase.changelog                      : Reading resource: db/changelog/initial/011_create_medias.sql
2025-06-05T17:45:16.728+06:00  INFO 19509 --- [Math Bilim] [main] liquibase.snapshot                       : Creating snapshot
2025-06-05T17:45:16.750+06:00  INFO 19509 --- [Math Bilim] [main] liquibase.lockservice                    : Successfully acquired change log lock
2025-06-05T17:45:16.750+06:00  INFO 19509 --- [Math Bilim] [main] liquibase.command                        : Using deploymentId: 9123916429
2025-06-05T17:45:16.751+06:00  INFO 19509 --- [Math Bilim] [main] liquibase.changelog                      : Reading from public.databasechangelog
2025-06-05T17:45:16.763+06:00  INFO 19509 --- [Math Bilim] [main] liquibase.ui                             : Running Changeset: db/changelog/initial/001_create_authorities.sql::raw::includeAll
2025-06-05T17:45:16.773+06:00  INFO 19509 --- [Math Bilim] [main] liquibase.changelog                      : Custom SQL executed
2025-06-05T17:45:16.773+06:00  INFO 19509 --- [Math Bilim] [main] liquibase.changelog                      : ChangeSet db/changelog/initial/001_create_authorities.sql::raw::includeAll ran successfully in 9ms
2025-06-05T17:45:16.775+06:00  INFO 19509 --- [Math Bilim] [main] liquibase.ui                             : Running Changeset: db/changelog/initial/002_create_roles.sql::raw::includeAll
2025-06-05T17:45:16.779+06:00  INFO 19509 --- [Math Bilim] [main] liquibase.changelog                      : Custom SQL executed
2025-06-05T17:45:16.780+06:00  INFO 19509 --- [Math Bilim] [main] liquibase.changelog                      : ChangeSet db/changelog/initial/002_create_roles.sql::raw::includeAll ran successfully in 5ms
2025-06-05T17:45:16.781+06:00  INFO 19509 --- [Math Bilim] [main] liquibase.ui                             : Running Changeset: db/changelog/initial/003_create_role_authorities.sql::raw::includeAll
2025-06-05T17:45:16.791+06:00  INFO 19509 --- [Math Bilim] [main] liquibase.changelog                      : Custom SQL executed
2025-06-05T17:45:16.791+06:00  INFO 19509 --- [Math Bilim] [main] liquibase.changelog                      : ChangeSet db/changelog/initial/003_create_role_authorities.sql::raw::includeAll ran successfully in 10ms
2025-06-05T17:45:16.792+06:00  INFO 19509 --- [Math Bilim] [main] liquibase.ui                             : Running Changeset: db/changelog/initial/004_create_user_types.sql::raw::includeAll
2025-06-05T17:45:16.795+06:00  INFO 19509 --- [Math Bilim] [main] liquibase.changelog                      : Custom SQL executed
2025-06-05T17:45:16.795+06:00  INFO 19509 --- [Math Bilim] [main] liquibase.changelog                      : ChangeSet db/changelog/initial/004_create_user_types.sql::raw::includeAll ran successfully in 3ms
2025-06-05T17:45:16.796+06:00  INFO 19509 --- [Math Bilim] [main] liquibase.ui                             : Running Changeset: db/changelog/initial/005_create_users.sql::raw::includeAll
2025-06-05T17:45:16.806+06:00  INFO 19509 --- [Math Bilim] [main] liquibase.changelog                      : Custom SQL executed
2025-06-05T17:45:16.806+06:00  INFO 19509 --- [Math Bilim] [main] liquibase.changelog                      : ChangeSet db/changelog/initial/005_create_users.sql::raw::includeAll ran successfully in 10ms
2025-06-05T17:45:16.807+06:00  INFO 19509 --- [Math Bilim] [main] liquibase.ui                             : Running Changeset: db/changelog/initial/006_create_сategories.sql::raw::includeAll
2025-06-05T17:45:16.810+06:00  INFO 19509 --- [Math Bilim] [main] liquibase.changelog                      : Custom SQL executed
2025-06-05T17:45:16.811+06:00  INFO 19509 --- [Math Bilim] [main] liquibase.changelog                      : ChangeSet db/changelog/initial/006_create_сategories.sql::raw::includeAll ran successfully in 3ms
2025-06-05T17:45:16.812+06:00  INFO 19509 --- [Math Bilim] [main] liquibase.ui                             : Running Changeset: db/changelog/initial/007_create_content_types.sql::raw::includeAll
2025-06-05T17:45:16.817+06:00  INFO 19509 --- [Math Bilim] [main] liquibase.changelog                      : Custom SQL executed
2025-06-05T17:45:16.818+06:00  INFO 19509 --- [Math Bilim] [main] liquibase.changelog                      : ChangeSet db/changelog/initial/007_create_content_types.sql::raw::includeAll ran successfully in 6ms
2025-06-05T17:45:16.819+06:00  INFO 19509 --- [Math Bilim] [main] liquibase.ui                             : Running Changeset: db/changelog/initial/008_create_statuses.sql::raw::includeAll
2025-06-05T17:45:16.822+06:00  INFO 19509 --- [Math Bilim] [main] liquibase.changelog                      : Custom SQL executed
2025-06-05T17:45:16.823+06:00  INFO 19509 --- [Math Bilim] [main] liquibase.changelog                      : ChangeSet db/changelog/initial/008_create_statuses.sql::raw::includeAll ran successfully in 4ms
2025-06-05T17:45:16.824+06:00  INFO 19509 --- [Math Bilim] [main] liquibase.ui                             : Running Changeset: db/changelog/initial/009_create_contents.sql::raw::includeAll
2025-06-05T17:45:16.832+06:00  INFO 19509 --- [Math Bilim] [main] liquibase.changelog                      : Custom SQL executed
2025-06-05T17:45:16.832+06:00  INFO 19509 --- [Math Bilim] [main] liquibase.changelog                      : ChangeSet db/changelog/initial/009_create_contents.sql::raw::includeAll ran successfully in 8ms
2025-06-05T17:45:16.834+06:00  INFO 19509 --- [Math Bilim] [main] liquibase.ui                             : Running Changeset: db/changelog/initial/010_create_media_types.sql::raw::includeAll
2025-06-05T17:45:16.837+06:00  INFO 19509 --- [Math Bilim] [main] liquibase.changelog                      : Custom SQL executed
2025-06-05T17:45:16.838+06:00  INFO 19509 --- [Math Bilim] [main] liquibase.changelog                      : ChangeSet db/changelog/initial/010_create_media_types.sql::raw::includeAll ran successfully in 4ms
2025-06-05T17:45:16.838+06:00  INFO 19509 --- [Math Bilim] [main] liquibase.ui                             : Running Changeset: db/changelog/initial/011_create_medias.sql::raw::includeAll
2025-06-05T17:45:16.843+06:00  INFO 19509 --- [Math Bilim] [main] liquibase.changelog                      : Custom SQL executed
2025-06-05T17:45:16.843+06:00  INFO 19509 --- [Math Bilim] [main] liquibase.changelog                      : ChangeSet db/changelog/initial/011_create_medias.sql::raw::includeAll ran successfully in 4ms
2025-06-05T17:45:16.845+06:00  INFO 19509 --- [Math Bilim] [main] liquibase.util                           : UPDATE SUMMARY
2025-06-05T17:45:16.846+06:00  INFO 19509 --- [Math Bilim] [main] liquibase.util                           : Run:                         11
2025-06-05T17:45:16.846+06:00  INFO 19509 --- [Math Bilim] [main] liquibase.util                           : Previously run:               0
2025-06-05T17:45:16.846+06:00  INFO 19509 --- [Math Bilim] [main] liquibase.util                           : Filtered out:                 0
2025-06-05T17:45:16.846+06:00  INFO 19509 --- [Math Bilim] [main] liquibase.util                           : -------------------------------
2025-06-05T17:45:16.846+06:00  INFO 19509 --- [Math Bilim] [main] liquibase.util                           : Total change sets:           11
2025-06-05T17:45:16.846+06:00  INFO 19509 --- [Math Bilim] [main] liquibase.util                           : Update summary generated
2025-06-05T17:45:16.847+06:00  INFO 19509 --- [Math Bilim] [main] liquibase.command                        : Update command completed successfully.
2025-06-05T17:45:16.847+06:00  INFO 19509 --- [Math Bilim] [main] liquibase.ui                             : Liquibase: Update has been successful. Rows affected: 11
2025-06-05T17:45:16.848+06:00  INFO 19509 --- [Math Bilim] [main] liquibase.lockservice                    : Successfully released change log lock
2025-06-05T17:45:16.848+06:00  INFO 19509 --- [Math Bilim] [main] liquibase.command                        : Command execution complete
2025-06-05T17:45:17.499+06:00  INFO 19509 --- [Math Bilim] [main] o.hibernate.jpa.internal.util.LogHelper  : HHH000204: Processing PersistenceUnitInfo [name: default]
2025-06-05T17:45:17.526+06:00  INFO 19509 --- [Math Bilim] [main] org.hibernate.Version                    : HHH000412: Hibernate ORM core version 6.6.15.Final
2025-06-05T17:45:17.540+06:00  INFO 19509 --- [Math Bilim] [main] o.h.c.internal.RegionFactoryInitiator    : HHH000026: Second-level cache disabled
2025-06-05T17:45:17.641+06:00  INFO 19509 --- [Math Bilim] [main] o.s.o.j.p.SpringPersistenceUnitInfo      : No LoadTimeWeaver setup: ignoring JPA class transformer
2025-06-05T17:45:17.672+06:00  INFO 19509 --- [Math Bilim] [main] org.hibernate.orm.connections.pooling    : HHH10001005: Database info:
	Database JDBC URL [Connecting through datasource 'HikariDataSource (HikariPool-1)']
	Database driver: undefined/unknown
	Database version: 14.15
	Autocommit mode: undefined/unknown
	Isolation level: undefined/unknown
	Minimum pool size: undefined/unknown
	Maximum pool size: undefined/unknown
2025-06-05T17:45:17.822+06:00  INFO 19509 --- [Math Bilim] [main] o.h.e.t.j.p.i.JtaPlatformInitiator       : HHH000489: No JTA platform available (set 'hibernate.transaction.jta.platform' to enable JTA platform integration)
2025-06-05T17:45:17.823+06:00  INFO 19509 --- [Math Bilim] [main] j.LocalContainerEntityManagerFactoryBean : Initialized JPA EntityManagerFactory for persistence unit 'default'
2025-06-05T17:45:17.861+06:00  WARN 19509 --- [Math Bilim] [main] JpaBaseConfiguration$JpaWebConfiguration : spring.jpa.open-in-view is enabled by default. Therefore, database queries may be performed during view rendering. Explicitly configure spring.jpa.open-in-view to disable this warning
2025-06-05T17:45:18.014+06:00  WARN 19509 --- [Math Bilim] [main] o.s.b.a.f.FreeMarkerAutoConfiguration    : Cannot find template location: [classpath:/templates/] (please add some templates, check your FreeMarker configuration, or set spring.freemarker.check-template-location=false)
2025-06-05T17:45:18.058+06:00  INFO 19509 --- [Math Bilim] [main] r$InitializeUserDetailsManagerConfigurer : Global AuthenticationManager configured with UserDetailsService bean with name inMemoryUserDetailsManager
2025-06-05T17:45:18.098+06:00 DEBUG 19509 --- [Math Bilim] [main] o.s.s.web.DefaultSecurityFilterChain     : Will secure any request with filters: DisableEncodeUrlFilter, WebAsyncManagerIntegrationFilter, SecurityContextHolderFilter, HeaderWriterFilter, CsrfFilter, LogoutFilter, UsernamePasswordAuthenticationFilter, DefaultResourcesFilter, DefaultLoginPageGeneratingFilter, DefaultLogoutPageGeneratingFilter, BasicAuthenticationFilter, RequestCacheAwareFilter, SecurityContextHolderAwareRequestFilter, AnonymousAuthenticationFilter, ExceptionTranslationFilter, AuthorizationFilter
2025-06-05T17:45:18.126+06:00  INFO 19509 --- [Math Bilim] [main] o.s.b.w.embedded.tomcat.TomcatWebServer  : Tomcat started on port 9999 (http) with context path '/'
2025-06-05T17:45:18.131+06:00  INFO 19509 --- [Math Bilim] [main] kg.edu.mathbilim.MathbilimApplication    : Started MathbilimApplication in 2.358 seconds (process running for 2.663)
2025-06-05T17:45:25.168+06:00  INFO 19509 --- [Math Bilim] [SpringApplicationShutdownHook] o.s.b.w.e.tomcat.GracefulShutdown        : Commencing graceful shutdown. Waiting for active requests to complete
2025-06-05T17:45:25.171+06:00  INFO 19509 --- [Math Bilim] [tomcat-shutdown] o.s.b.w.e.tomcat.GracefulShutdown        : Graceful shutdown complete
2025-06-05T17:45:25.176+06:00  INFO 19509 --- [Math Bilim] [SpringApplicationShutdownHook] j.LocalContainerEntityManagerFactoryBean : Closing JPA EntityManagerFactory for persistence unit 'default'
2025-06-05T17:45:25.178+06:00  INFO 19509 --- [Math Bilim] [SpringApplicationShutdownHook] com.zaxxer.hikari.HikariDataSource       : HikariPool-1 - Shutdown initiated...
2025-06-05T17:45:25.180+06:00  INFO 19509 --- [Math Bilim] [SpringApplicationShutdownHook] com.zaxxer.hikari.HikariDataSource       : HikariPool-1 - Shutdown completed.
